<?xml version="1.0" encoding="UTF-8"?>
<!-- Generated by org.testng.reporters.JUnitXMLReporter -->
<testsuite hostname="psb" ignored="2" name="Default test" tests="2" failures="0" timestamp="28 Feb 2021 08:14:31 GMT" time="20.373" errors="0">
  <testcase name="profilecreatetest" time="9.888" classname="testcase.ProfileCreate"/>
  <testcase name="inputdata" time="10.375" classname="testcase.Details"/>
  <testcase name="@BeforeSuite startbrowser" time="0.0" classname="driverexe.DriverExe">
    <ignored/>
  </testcase> <!-- @BeforeSuite startbrowser -->
  <testcase name="@BeforeSuite startbrowser" time="0.0" classname="driverexe.DriverExe">
    <ignored/>
  </testcase> <!-- @BeforeSuite startbrowser -->
</testsuite> <!-- Default test -->
