<?xml version="1.0" encoding="UTF-8"?>
<testng-results skipped="0" failed="0" ignored="2" total="4" passed="2">
  <reporter-output>
  </reporter-output>
  <suite name="Default suite" duration-ms="20373" started-at="2021-02-28T08:14:10Z" finished-at="2021-02-28T08:14:30Z">
    <groups>
    </groups>
    <test name="Default test" duration-ms="20373" started-at="2021-02-28T08:14:10Z" finished-at="2021-02-28T08:14:30Z">
      <class name="testcase.ProfileCreate">
        <test-method status="PASS" signature="startbrowser()[pri:0, instance:testcase.ProfileCreate@146ba0ac]" name="startbrowser" is-config="true" duration-ms="74585" started-at="2021-02-28T13:42:55Z" finished-at="2021-02-28T13:44:10Z">
          <reporter-output>
          </reporter-output>
        </test-method> <!-- startbrowser -->
        <test-method status="PASS" signature="profilecreatetest()[pri:1, instance:testcase.ProfileCreate@146ba0ac]" name="profilecreatetest" duration-ms="9888" started-at="2021-02-28T13:44:10Z" finished-at="2021-02-28T13:44:20Z">
          <reporter-output>
          </reporter-output>
        </test-method> <!-- profilecreatetest -->
      </class> <!-- testcase.ProfileCreate -->
      <class name="testcase.Details">
        <test-method status="PASS" signature="inputdata()[pri:2, instance:testcase.Details@4dfa3a9d]" name="inputdata" duration-ms="10375" started-at="2021-02-28T13:44:20Z" finished-at="2021-02-28T13:44:30Z">
          <reporter-output>
          </reporter-output>
        </test-method> <!-- inputdata -->
      </class> <!-- testcase.Details -->
    </test> <!-- Default test -->
  </suite> <!-- Default suite -->
</testng-results>
